<?xml version="1.0" encoding="UTF-8"?>
<testsuite xmlns:xsi="http://www.w3.org/2001/XMLSchema-instance" xsi:noNamespaceSchemaLocation="https://maven.apache.org/surefire/maven-surefire-plugin/xsd/surefire-test-report-3.0.xsd" version="3.0" name="UserServiceTest" time="0.016" tests="0" errors="0" skipped="0" failures="0">
  <properties>
    <property name="java.specification.version" value="21"/>
    <property name="sun.cpu.isalist" value="amd64"/>
    <property name="sun.jnu.encoding" value="Cp1252"/>
    <property name="java.class.path" value="C:\Users\Joseph Maximillian\Desktop\internship\UserReg2\target\test-classes;C:\Users\Joseph Maximillian\Desktop\internship\UserReg2\target\classes;C:\Users\Joseph Maximillian\.m2\repository\org\hibernate\hibernate-entitymanager\3.5.6-Final\hibernate-entitymanager-3.5.6-Final.jar;C:\Users\Joseph Maximillian\.m2\repository\org\hibernate\hibernate-core\3.5.6-Final\hibernate-core-3.5.6-Final.jar;C:\Users\Joseph Maximillian\.m2\repository\antlr\antlr\2.7.6\antlr-2.7.6.jar;C:\Users\Joseph Maximillian\.m2\repository\commons-collections\commons-collections\3.1\commons-collections-3.1.jar;C:\Users\Joseph Maximillian\.m2\repository\dom4j\dom4j\1.6.1\dom4j-1.6.1.jar;C:\Users\Joseph Maximillian\.m2\repository\xml-apis\xml-apis\1.0.b2\xml-apis-1.0.b2.jar;C:\Users\Joseph Maximillian\.m2\repository\javax\transaction\jta\1.1\jta-1.1.jar;C:\Users\Joseph Maximillian\.m2\repository\cglib\cglib\2.2\cglib-2.2.jar;C:\Users\Joseph Maximillian\.m2\repository\asm\asm\3.1\asm-3.1.jar;C:\Users\Joseph Maximillian\.m2\repository\javassist\javassist\3.9.0.GA\javassist-3.9.0.GA.jar;C:\Users\Joseph Maximillian\.m2\repository\org\hibernate\javax\persistence\hibernate-jpa-2.0-api\1.0.0.Final\hibernate-jpa-2.0-api-1.0.0.Final.jar;C:\Users\Joseph Maximillian\.m2\repository\org\hibernate\hibernate-annotations\3.5.6-Final\hibernate-annotations-3.5.6-Final.jar;C:\Users\Joseph Maximillian\.m2\repository\org\hibernate\hibernate-commons-annotations\3.2.0.Final\hibernate-commons-annotations-3.2.0.Final.jar;C:\Users\Joseph Maximillian\.m2\repository\mysql\mysql-connector-java\5.1.6\mysql-connector-java-5.1.6.jar;C:\Users\Joseph Maximillian\.m2\repository\org\slf4j\slf4j-api\1.6.1\slf4j-api-1.6.1.jar;C:\Users\Joseph Maximillian\.m2\repository\org\slf4j\slf4j-log4j12\1.6.1\slf4j-log4j12-1.6.1.jar;C:\Users\Joseph Maximillian\.m2\repository\log4j\log4j\1.2.16\log4j-1.2.16.jar;C:\Users\Joseph Maximillian\.m2\repository\org\slf4j\jcl-over-slf4j\1.6.1\jcl-over-slf4j-1.6.1.jar;C:\Users\Joseph Maximillian\.m2\repository\javax\servlet\javax.servlet-api\4.0.1\javax.servlet-api-4.0.1.jar;C:\Users\Joseph Maximillian\.m2\repository\com\sun\faces\jsf-api\2.2.2\jsf-api-2.2.2.jar;C:\Users\Joseph Maximillian\.m2\repository\com\sun\faces\jsf-impl\2.2.2\jsf-impl-2.2.2.jar;C:\Users\Joseph Maximillian\.m2\repository\javax\servlet\jsp\javax.servlet.jsp-api\2.3.1\javax.servlet.jsp-api-2.3.1.jar;C:\Users\Joseph Maximillian\.m2\repository\javax\servlet\jstl\1.1.2\jstl-1.1.2.jar;C:\Users\Joseph Maximillian\.m2\repository\org\primefaces\primefaces\7.0\primefaces-7.0.jar;"/>
    <property name="java.vm.vendor" value="Oracle Corporation"/>
    <property name="sun.arch.data.model" value="64"/>
    <property name="user.variant" value=""/>
    <property name="java.vendor.url" value="https://java.oracle.com/"/>
    <property name="user.timezone" value="Africa/Kampala"/>
    <property name="user.country.format" value="UG"/>
    <property name="os.name" value="Windows 10"/>
    <property name="java.vm.specification.version" value="21"/>
    <property name="sun.java.launcher" value="SUN_STANDARD"/>
    <property name="user.country" value="US"/>
    <property name="sun.boot.library.path" value="C:\Program Files\Java\jdk-21\bin"/>
    <property name="sun.java.command" value="C:\Users\Joseph Maximillian\AppData\Local\Temp\surefire18170744908460156123\surefirebooter-20240619141056456_3.jar C:\Users\Joseph Maximillian\AppData\Local\Temp\surefire18170744908460156123 2024-06-19T14-10-56_146-jvmRun1 surefire-20240619141056456_1tmp surefire_0-20240619141056456_2tmp"/>
    <property name="jdk.debug" value="release"/>
    <property name="surefire.test.class.path" value="C:\Users\Joseph Maximillian\Desktop\internship\UserReg2\target\test-classes;C:\Users\Joseph Maximillian\Desktop\internship\UserReg2\target\classes;C:\Users\Joseph Maximillian\.m2\repository\org\hibernate\hibernate-entitymanager\3.5.6-Final\hibernate-entitymanager-3.5.6-Final.jar;C:\Users\Joseph Maximillian\.m2\repository\org\hibernate\hibernate-core\3.5.6-Final\hibernate-core-3.5.6-Final.jar;C:\Users\Joseph Maximillian\.m2\repository\antlr\antlr\2.7.6\antlr-2.7.6.jar;C:\Users\Joseph Maximillian\.m2\repository\commons-collections\commons-collections\3.1\commons-collections-3.1.jar;C:\Users\Joseph Maximillian\.m2\repository\dom4j\dom4j\1.6.1\dom4j-1.6.1.jar;C:\Users\Joseph Maximillian\.m2\repository\xml-apis\xml-apis\1.0.b2\xml-apis-1.0.b2.jar;C:\Users\Joseph Maximillian\.m2\repository\javax\transaction\jta\1.1\jta-1.1.jar;C:\Users\Joseph Maximillian\.m2\repository\cglib\cglib\2.2\cglib-2.2.jar;C:\Users\Joseph Maximillian\.m2\repository\asm\asm\3.1\asm-3.1.jar;C:\Users\Joseph Maximillian\.m2\repository\javassist\javassist\3.9.0.GA\javassist-3.9.0.GA.jar;C:\Users\Joseph Maximillian\.m2\repository\org\hibernate\javax\persistence\hibernate-jpa-2.0-api\1.0.0.Final\hibernate-jpa-2.0-api-1.0.0.Final.jar;C:\Users\Joseph Maximillian\.m2\repository\org\hibernate\hibernate-annotations\3.5.6-Final\hibernate-annotations-3.5.6-Final.jar;C:\Users\Joseph Maximillian\.m2\repository\org\hibernate\hibernate-commons-annotations\3.2.0.Final\hibernate-commons-annotations-3.2.0.Final.jar;C:\Users\Joseph Maximillian\.m2\repository\mysql\mysql-connector-java\5.1.6\mysql-connector-java-5.1.6.jar;C:\Users\Joseph Maximillian\.m2\repository\org\slf4j\slf4j-api\1.6.1\slf4j-api-1.6.1.jar;C:\Users\Joseph Maximillian\.m2\repository\org\slf4j\slf4j-log4j12\1.6.1\slf4j-log4j12-1.6.1.jar;C:\Users\Joseph Maximillian\.m2\repository\log4j\log4j\1.2.16\log4j-1.2.16.jar;C:\Users\Joseph Maximillian\.m2\repository\org\slf4j\jcl-over-slf4j\1.6.1\jcl-over-slf4j-1.6.1.jar;C:\Users\Joseph Maximillian\.m2\repository\javax\servlet\javax.servlet-api\4.0.1\javax.servlet-api-4.0.1.jar;C:\Users\Joseph Maximillian\.m2\repository\com\sun\faces\jsf-api\2.2.2\jsf-api-2.2.2.jar;C:\Users\Joseph Maximillian\.m2\repository\com\sun\faces\jsf-impl\2.2.2\jsf-impl-2.2.2.jar;C:\Users\Joseph Maximillian\.m2\repository\javax\servlet\jsp\javax.servlet.jsp-api\2.3.1\javax.servlet.jsp-api-2.3.1.jar;C:\Users\Joseph Maximillian\.m2\repository\javax\servlet\jstl\1.1.2\jstl-1.1.2.jar;C:\Users\Joseph Maximillian\.m2\repository\org\primefaces\primefaces\7.0\primefaces-7.0.jar;"/>
    <property name="sun.cpu.endian" value="little"/>
    <property name="user.home" value="C:\Users\Joseph Maximillian"/>
    <property name="user.language" value="en"/>
    <property name="java.specification.vendor" value="Oracle Corporation"/>
    <property name="java.version.date" value="2024-04-16"/>
    <property name="java.home" value="C:\Program Files\Java\jdk-21"/>
    <property name="file.separator" value="\"/>
    <property name="basedir" value="C:\Users\Joseph Maximillian\Desktop\internship\UserReg2"/>
    <property name="java.vm.compressedOopsMode" value="32-bit"/>
    <property name="line.separator" value="&#10;"/>
    <property name="java.vm.specification.vendor" value="Oracle Corporation"/>
    <property name="java.specification.name" value="Java Platform API Specification"/>
    <property name="surefire.real.class.path" value="C:\Users\Joseph Maximillian\AppData\Local\Temp\surefire18170744908460156123\surefirebooter-20240619141056456_3.jar"/>
    <property name="user.script" value=""/>
    <property name="sun.management.compiler" value="HotSpot 64-Bit Tiered Compilers"/>
    <property name="java.runtime.version" value="21.0.3+7-LTS-152"/>
    <property name="user.name" value="Joseph Maximillian"/>
    <property name="stdout.encoding" value="Cp1252"/>
    <property name="path.separator" value=";"/>
    <property name="os.version" value="10.0"/>
    <property name="java.runtime.name" value="Java(TM) SE Runtime Environment"/>
    <property name="file.encoding" value="UTF-8"/>
    <property name="java.vm.name" value="Java HotSpot(TM) 64-Bit Server VM"/>
    <property name="localRepository" value="C:\Users\Joseph Maximillian\.m2\repository"/>
    <property name="java.vendor.url.bug" value="https://bugreport.java.com/bugreport/"/>
    <property name="java.io.tmpdir" value="C:\Users\JOSEPH~1\AppData\Local\Temp\"/>
    <property name="idea.version" value="2024.1.2"/>
    <property name="java.version" value="21.0.3"/>
    <property name="user.dir" value="C:\Users\Joseph Maximillian\Desktop\internship\UserReg2"/>
    <property name="os.arch" value="amd64"/>
    <property name="java.vm.specification.name" value="Java Virtual Machine Specification"/>
    <property name="sun.os.patch.level" value=""/>
    <property name="native.encoding" value="Cp1252"/>
    <property name="java.library.path" value="C:\Program Files\Java\jdk-21\bin;C:\Windows\Sun\Java\bin;C:\Windows\system32;C:\Windows;C:\Program Files\Common Files\Oracle\Java\javapath;C:\Windows\system32;C:\Windows;C:\Windows\System32\Wbem;C:\Windows\System32\WindowsPowerShell\v1.0\;C:\Windows\System32\OpenSSH\;C:\Program Files\Docker\Docker\resources\bin;C:\Program Files\Java\jdk-21\bin;C:\Program Files\nodejs\;C:\Program Files\Git\cmd;C:\Maven\bin;C:\Users\Joseph Maximillian\AppData\Local\Programs\Python\Python312\Scripts\;C:\Users\Joseph Maximillian\AppData\Local\Programs\Python\Python312\;C:\Users\Joseph Maximillian\AppData\Local\Microsoft\WindowsApps;;C:\Program Files\JetBrains\IntelliJ IDEA Community Edition 2024.1.1\bin;;C:\Users\Joseph Maximillian\AppData\Local\Programs\Microsoft VS Code\bin;C:\Users\Joseph Maximillian\AppData\Roaming\npm;C:\Program Files\JetBrains\IntelliJ IDEA 2024.1.2\bin;;."/>
    <property name="java.vm.info" value="mixed mode, sharing"/>
    <property name="stderr.encoding" value="Cp1252"/>
    <property name="java.vendor" value="Oracle Corporation"/>
    <property name="java.vm.version" value="21.0.3+7-LTS-152"/>
    <property name="sun.io.unicode.encoding" value="UnicodeLittle"/>
    <property name="java.class.version" value="65.0"/>
  </properties>
</testsuite>